loading annotations into memory...
Done (t=14.06s)
creating index...
index created!
num_images 82783
COCO_train2014 gt roidb loaded from ./data/cache/COCO_train2014_gt_roidb.pkl
appending ground truth annotations
Reading cached proposals after ***NMS**** from data/proposals/COCO_train2014_rpn_after_nms.pkl
Done!
loading annotations into memory...
Done (t=7.16s)
creating index...
index created!
num_images 40504
COCO_val2014 gt roidb loaded from ./data/cache/COCO_val2014_gt_roidb.pkl
appending ground truth annotations
Reading cached proposals after ***NMS**** from data/proposals/COCO_val2014_rpn_after_nms.pkl
Done!
filtered 1069 roidb entries: 123287 -> 122218
add bounding box regression targets
bbox target means:
[[0. 0. 0. 0.]
 [0. 0. 0. 0.]]
[0. 0. 0. 0.]
bbox target stdevs:
[[0.1 0.1 0.2 0.2]
 [0.1 0.1 0.2 0.2]]
[0.1 0.1 0.2 0.2]
Creating Iterator with 122218 Images
Total number of extracted chips: 708291
add extra chips: (708318,)
Get Chip Done
/home/liuqiuyue/anaconda2/lib/python2.7/site-packages/torch/nn/parallel/_functions.py:58: UserWarning: Was asked to gather along dimension 0, but all input tensors were scalars; will instead unsqueeze and return a vector.
  warnings.warn('Was asked to gather along dimension 0, but all '
(0, 0, 'Batch_time:  22.1325  sum_Loss: 5.2720 rpn_cls_loss: 0.6945 rpn_box_loss: 0.0903  rcnn_cls_loss: 4.4377  rcnn_box_loss: 0.0495  pos_recall: 0.0144   neg_recall: 0.0000  acc: 0.0004 pos_num:   627 neg_num: 22773 rpn_pos_recall: 0.4882   rpn_neg_recall: 0.4996  rpn_acc: 0.4975 rpn_pos_num:  3574 rpn_neg_num: 16394')
(0, 100, 'Batch_time:  2.6223  sum_Loss: nan rpn_cls_loss: 0.7999 rpn_box_loss: nan  rcnn_cls_loss: 8.5665  rcnn_box_loss: 0.6935  pos_recall: 0.0046   neg_recall: 0.8108  acc: 0.7934 pos_num:   504 neg_num: 22895 rpn_pos_recall: 0.0000   rpn_neg_recall: 1.0000  rpn_acc: 0.7884 rpn_pos_num:  4225 rpn_neg_num: 15742')
(0, 200, 'Batch_time:  2.6177  sum_Loss: nan rpn_cls_loss: 0.6931 rpn_box_loss: nan  rcnn_cls_loss: 1.3491  rcnn_box_loss: 0.2479  pos_recall: 0.0010   neg_recall: 0.9600  acc: 0.9390 pos_num:   511 neg_num: 22888 rpn_pos_recall: 0.0000   rpn_neg_recall: 1.0000  rpn_acc: 0.7888 rpn_pos_num:  4217 rpn_neg_num: 15750')
loading annotations into memory...
Done (t=15.39s)
creating index...
index created!
num_images 82783
COCO_train2014 gt roidb loaded from ./data/cache/COCO_train2014_gt_roidb.pkl
appending ground truth annotations
Reading cached proposals after ***NMS**** from data/proposals/COCO_train2014_rpn_after_nms.pkl
Done!
loading annotations into memory...
Done (t=6.85s)
creating index...
index created!
num_images 40504
COCO_val2014 gt roidb loaded from ./data/cache/COCO_val2014_gt_roidb.pkl
appending ground truth annotations
Reading cached proposals after ***NMS**** from data/proposals/COCO_val2014_rpn_after_nms.pkl
Done!
filtered 1069 roidb entries: 123287 -> 122218
add bounding box regression targets
bbox target means:
[[0. 0. 0. 0.]
 [0. 0. 0. 0.]]
[0. 0. 0. 0.]
bbox target stdevs:
[[0.1 0.1 0.2 0.2]
 [0.1 0.1 0.2 0.2]]
[0.1 0.1 0.2 0.2]
Creating Iterator with 122218 Images
Total number of extracted chips: 708468
add extra chips: (708474,)
Get Chip Done
/home/liuqiuyue/anaconda2/lib/python2.7/site-packages/torch/nn/parallel/_functions.py:58: UserWarning: Was asked to gather along dimension 0, but all input tensors were scalars; will instead unsqueeze and return a vector.
  warnings.warn('Was asked to gather along dimension 0, but all '
(0, 0, 'Batch_time:  21.7831  sum_Loss: 5.3023 rpn_cls_loss: 0.6888 rpn_box_loss: 0.1183  rcnn_cls_loss: 4.3920  rcnn_box_loss: 0.1031  pos_recall: 0.0072   neg_recall: 0.0004  acc: 0.0008 pos_num:  1111 neg_num: 22289 rpn_pos_recall: 0.5674   rpn_neg_recall: 0.5646  rpn_acc: 0.5653 rpn_pos_num:  4829 rpn_neg_num: 15139')
(0, 100, 'Batch_time:  3.3381  sum_Loss: 1.2929 rpn_cls_loss: 0.2878 rpn_box_loss: 0.0844  rcnn_cls_loss: 0.7607  rcnn_box_loss: 0.1599  pos_recall: 0.0000   neg_recall: 1.0000  acc: 0.9243 pos_num:  1771 neg_num: 21628 rpn_pos_recall: 0.7788   rpn_neg_recall: 0.9358  rpn_acc: 0.9031 rpn_pos_num:  4187 rpn_neg_num: 15780')
(0, 200, 'Batch_time:  3.1959  sum_Loss: 0.7075 rpn_cls_loss: 0.1463 rpn_box_loss: 0.0637  rcnn_cls_loss: 0.3878  rcnn_box_loss: 0.1097  pos_recall: 0.1087   neg_recall: 0.9966  acc: 0.9327 pos_num:  1690 neg_num: 21709 rpn_pos_recall: 0.8570   rpn_neg_recall: 0.9681  rpn_acc: 0.9449 rpn_pos_num:  4188 rpn_neg_num: 15779')
(0, 300, 'Batch_time:  3.1478  sum_Loss: 0.6843 rpn_cls_loss: 0.1298 rpn_box_loss: 0.0652  rcnn_cls_loss: 0.3783  rcnn_box_loss: 0.1110  pos_recall: 0.1841   neg_recall: 0.9940  acc: 0.9303 pos_num:  1841 neg_num: 21558 rpn_pos_recall: 0.8693   rpn_neg_recall: 0.9723  rpn_acc: 0.9507 rpn_pos_num:  4207 rpn_neg_num: 15760')
